
=== Sun May 11 15:37:24 2025

Packages were changed.
Update Mode: updateDependencies

The following packages were added:
  com.unity.ai.navigation@2.0.4
  com.unity.modules.accessibility@1.0.0
  com.unity.multiplayer.center@1.0.0
The following packages were updated:
  com.unity.2d.animation from version 7.0.11 to 10.1.4
  com.unity.2d.psdimporter from version 6.0.7 to 9.0.3
  com.unity.2d.spriteshape from version 7.0.7 to 10.0.7
  com.unity.collab-proxy from version 2.1.0 to 2.5.2
  com.unity.ide.rider from version 3.0.25 to 3.0.31
  com.unity.ide.visualstudio from version 2.0.21 to 2.0.22
  com.unity.postprocessing from version 3.2.2 to 3.4.0
  com.unity.render-pipelines.universal from version 12.1.12 to 17.0.3
  com.unity.test-framework from version 1.1.33 to 1.4.5
  com.unity.timeline from version 1.6.5 to 1.8.7
  com.unity.ugui from version 1.0.0 to 2.0.0
The following packages were removed:
  com.unity.textmeshpro@3.0.6
